573003725551:ENCOLADO ans_c412c30a-12f4-4249-8d1f-17734615c872
EJECUTANDO:ans_c412c30a-12f4-4249-8d1f-17734615c872
573003725551:SUCCESS
573003725551:ENCOLADO ans_ef3b1f19-455c-4789-bf6c-6ac5e6dcaa47
EJECUTANDO:ans_ef3b1f19-455c-4789-bf6c-6ac5e6dcaa47
573003725551:SUCCESS
573003725551:ENCOLADO ans_9070a97c-a1bf-40de-adbc-bf539d98da6b
EJECUTANDO:ans_9070a97c-a1bf-40de-adbc-bf539d98da6b
573003725551:SUCCESS
573003725551:ENCOLADO ans_aca11cd0-7095-473d-8c6e-389ab17a8167
EJECUTANDO:ans_aca11cd0-7095-473d-8c6e-389ab17a8167
573003725551:SUCCESS
573003725551:ENCOLADO ans_bfe4cc41-1a90-4b2c-b332-75256d218109
EJECUTANDO:ans_bfe4cc41-1a90-4b2c-b332-75256d218109
573003725551:SUCCESS
573003725551:ENCOLADO ans_0122485b-98ce-48e3-a677-24d0bf12574f
EJECUTANDO:ans_0122485b-98ce-48e3-a677-24d0bf12574f
573003725551:SUCCESS
573003725551:ENCOLADO ans_169643cf-60d2-4322-a37e-2b6d72902985
EJECUTANDO:ans_169643cf-60d2-4322-a37e-2b6d72902985
573003725551:SUCCESS
573003725551:ENCOLADO ans_cd1fd08f-86cf-4220-ad46-fbddacfe7e8e
EJECUTANDO:ans_cd1fd08f-86cf-4220-ad46-fbddacfe7e8e
573003725551:SUCCESS
573003725551:ENCOLADO ans_7b31e22f-46fe-45cd-8da8-b2ef5a98ec5a
EJECUTANDO:ans_7b31e22f-46fe-45cd-8da8-b2ef5a98ec5a
573003725551:SUCCESS
573003725551:ENCOLADO ans_4c4f4e29-8227-443e-b4d5-3729adf37fdc
EJECUTANDO:ans_4c4f4e29-8227-443e-b4d5-3729adf37fdc
573003725551:SUCCESS
573003725551:ENCOLADO ans_b650c69a-a15e-44ff-862e-4d2108106f38
EJECUTANDO:ans_b650c69a-a15e-44ff-862e-4d2108106f38
573003725551:SUCCESS
573003725551:ENCOLADO ans_feb74079-b70d-4fc0-9021-9075ad7c88fd
EJECUTANDO:ans_feb74079-b70d-4fc0-9021-9075ad7c88fd
573003725551:SUCCESS
573003725551:ENCOLADO ans_81a74e86-e398-422a-9449-e10510a171c0
EJECUTANDO:ans_81a74e86-e398-422a-9449-e10510a171c0
573003725551:SUCCESS
573003725551:ENCOLADO ans_385934cb-4004-4416-b229-14b2a33a74ea
EJECUTANDO:ans_385934cb-4004-4416-b229-14b2a33a74ea
573003725551:SUCCESS
573003725551:ENCOLADO ans_579e17d6-7b95-4921-84da-9815d21c7136
EJECUTANDO:ans_579e17d6-7b95-4921-84da-9815d21c7136
573003725551:SUCCESS
573003725551:ENCOLADO ans_55fd29e4-df0b-4277-8c0a-c1c3ed4d3805
EJECUTANDO:ans_55fd29e4-df0b-4277-8c0a-c1c3ed4d3805
573003725551:SUCCESS
